0 info it worked if it ends with ok
1 verbose cli [ 'D:\\application\\NodeJs\\node.exe',
1 verbose cli   'D:\\application\\NodeJs\\node_modules\\npm\\bin\\npm-cli.js',
1 verbose cli   'run',
1 verbose cli   'start' ]
2 info using npm@3.10.8
3 info using node@v6.8.1
4 verbose run-script [ 'prestart', 'start', 'poststart' ]
5 info lifecycle zermatt@1.0.0~prestart: zermatt@1.0.0
6 silly lifecycle zermatt@1.0.0~prestart: no script for prestart, continuing
7 info lifecycle zermatt@1.0.0~start: zermatt@1.0.0
8 verbose lifecycle zermatt@1.0.0~start: unsafe-perm in lifecycle true
9 verbose lifecycle zermatt@1.0.0~start: PATH: D:\application\NodeJs\node_modules\npm\bin\node-gyp-bin;D:\WorkSpace\zermatt\project\node_modules\.bin;%SystemRoot%\system32\WindowsPowerShell\v1.0\;C:\ProgramData\Oracle\Java\javapath;C:\Windows\system32;C:\Windows;C:\Windows\System32\Wbem;C:\Windows\System32\WindowsPowerShell\v1.0\;D:\应用程序\SVN\bin;D:\;pplication\NodeJs\;C:\Windows\System32\WindowsPowerShell\v1.0\;D:\application\Java\jdk1.8.0_66\bin;D:\application\apache-maven-3.3.3\bin;D:\application\NodeJs\;D:\application\Java\jdk1.8.0_66\bin;D:\application\apache-maven-3.3.3\bin;D:\application\Git\Git\cmd;C:\Users\lenovo\AppData\Roaming\npm
10 verbose lifecycle zermatt@1.0.0~start: CWD: D:\WorkSpace\zermatt\project
11 silly lifecycle zermatt@1.0.0~start: Args: [ '/d /s /c',
11 silly lifecycle   'webpack-dev-server --inline --progress --compress --port 6030 --devtool eval --content-base build/' ]
12 silly lifecycle zermatt@1.0.0~start: Returned: code: 3221225786  signal: null
13 info lifecycle zermatt@1.0.0~start: Failed to exec start script
14 verbose stack Error: zermatt@1.0.0 start: `webpack-dev-server --inline --progress --compress --port 6030 --devtool eval --content-base build/`
14 verbose stack Exit status 3221225786
14 verbose stack     at EventEmitter.<anonymous> (D:\application\NodeJs\node_modules\npm\lib\utils\lifecycle.js:255:16)
14 verbose stack     at emitTwo (events.js:106:13)
14 verbose stack     at EventEmitter.emit (events.js:191:7)
14 verbose stack     at ChildProcess.<anonymous> (D:\application\NodeJs\node_modules\npm\lib\utils\spawn.js:40:14)
14 verbose stack     at emitTwo (events.js:106:13)
14 verbose stack     at ChildProcess.emit (events.js:191:7)
14 verbose stack     at maybeClose (internal/child_process.js:877:16)
14 verbose stack     at Process.ChildProcess._handle.onexit (internal/child_process.js:226:5)
15 verbose pkgid zermatt@1.0.0
16 verbose cwd D:\WorkSpace\zermatt\project
17 error Windows_NT 6.1.7601
18 error argv "D:\\application\\NodeJs\\node.exe" "D:\\application\\NodeJs\\node_modules\\npm\\bin\\npm-cli.js" "run" "start"
19 error node v6.8.1
20 error npm  v3.10.8
21 error code ELIFECYCLE
22 error zermatt@1.0.0 start: `webpack-dev-server --inline --progress --compress --port 6030 --devtool eval --content-base build/`
22 error Exit status 3221225786
23 error Failed at the zermatt@1.0.0 start script 'webpack-dev-server --inline --progress --compress --port 6030 --devtool eval --content-base build/'.
23 error Make sure you have the latest version of node.js and npm installed.
23 error If you do, this is most likely a problem with the zermatt package,
23 error not with npm itself.
23 error Tell the author that this fails on your system:
23 error     webpack-dev-server --inline --progress --compress --port 6030 --devtool eval --content-base build/
23 error You can get information on how to open an issue for this project with:
23 error     npm bugs zermatt
23 error Or if that isn't available, you can get their info via:
23 error     npm owner ls zermatt
23 error There is likely additional logging output above.
24 verbose exit [ 1, true ]
